<?xml version="1.0" encoding="UTF-8"?>
<!-- Generated by org.testng.reporters.JUnitXMLReporter -->
<testsuite ignored="8" hostname="SanPC" failures="0" tests="12" name="DemoBlaze Automation" time="43.949" errors="0" timestamp="2024-02-29T22:46:25 IST">
  <testcase classname="com.demoblaze.testcases.SignUpPageTest" name="registerUser" time="1.264"/>
  <testcase classname="com.demoblaze.testcases.LoginPageTest" name="loginTest" time="5.636"/>
  <testcase classname="com.demoblaze.testcases.LoginPageTest" name="loginTest" time="4.998"/>
  <testcase classname="com.demoblaze.testcases.LoginPageTest" name="loginTest" time="4.792"/>
  <testcase classname="com.demoblaze.testcases.ProductInfoPageTest" name="selectLappy" time="4.243"/>
  <testcase classname="com.demoblaze.testcases.ProductInfoPageTest" name="selectMonitor" time="3.178"/>
  <testcase classname="com.demoblaze.testcases.ProductInfoPageTest" name="selectPhone" time="4.193"/>
  <testcase classname="com.demoblaze.testcases.CartPageTest" name="goToCart" time="5.751"/>
  <testcase classname="com.demoblaze.testcases.CartPageTest" name="validateDeleteItem" time="5.128"/>
  <testcase classname="com.demoblaze.testcases.CartPageTest" name="valiadteTotalProductPrice" time="0.1"/>
  <testcase classname="com.demoblaze.testcases.PaymentInfoPageTest" name="verifyPurchaseWithoutInfo" time="0.518"/>
  <testcase classname="com.demoblaze.testcases.PaymentInfoPageTest" name="verifyPurchaseWithInfo" time="0.675"/>
  <testcase classname="com.demoblaze.base.TestBase" name="@AfterSuite tearDown" time="0.0">
    <ignored/>
  </testcase> <!-- @AfterSuite tearDown -->
  <testcase classname="com.demoblaze.base.TestBase" name="@BeforeSuite setUp" time="0.0">
    <ignored/>
  </testcase> <!-- @BeforeSuite setUp -->
  <testcase classname="com.demoblaze.base.TestBase" name="@BeforeSuite setUp" time="0.0">
    <ignored/>
  </testcase> <!-- @BeforeSuite setUp -->
  <testcase classname="com.demoblaze.base.TestBase" name="@BeforeSuite setUp" time="0.0">
    <ignored/>
  </testcase> <!-- @BeforeSuite setUp -->
  <testcase classname="com.demoblaze.base.TestBase" name="@AfterSuite tearDown" time="0.0">
    <ignored/>
  </testcase> <!-- @AfterSuite tearDown -->
  <testcase classname="com.demoblaze.base.TestBase" name="@AfterSuite tearDown" time="0.0">
    <ignored/>
  </testcase> <!-- @AfterSuite tearDown -->
  <testcase classname="com.demoblaze.base.TestBase" name="@AfterSuite tearDown" time="0.0">
    <ignored/>
  </testcase> <!-- @AfterSuite tearDown -->
  <testcase classname="com.demoblaze.base.TestBase" name="@BeforeSuite setUp" time="0.0">
    <ignored/>
  </testcase> <!-- @BeforeSuite setUp -->
</testsuite> <!-- DemoBlaze Automation -->
